============ 30-cric-cv.coxnet.R executed 
Running script from the current directory: C:\Users\agalecki\Documents\GitHub\surv-mlr 
--- Running iteration 01 started on Fri 12/13/2024 16:13:56.27 
running
  'C:\Program Files\R\R-4.4.1\bin\x64\Rterm.exe --no-echo --no-restore --no-save --no-restore --file=C:\Users\agalecki\Documents\GitHub\surv-mlr\30-cric-cv.coxnet.R --args CRIC_prj:lin1:30-cric-cv.coxnet 01'

* ====== Script executed in batch mode for tvar=01 
* Time stamp: 2024-12-13 16:13:56.696682 
[1] "2024-12-13 16:13:56 EST"
* == Project name: CRIC_prj 
* == Analysis name: lin1 
* ===== INPUT INFO 
Loaded glmnet 4.1-8

Attaching package: 'dplyr'

The following objects are masked from 'package:stats':

    filter, lag

The following objects are masked from 'package:base':

    intersect, setdiff, setequal, union


Attaching package: 'data.table'

The following objects are masked from 'package:dplyr':

    between, first, last

Version: 0.2.1. Built on: 2023-01-06

Attaching package: 'tidyr'

The following objects are masked from 'package:Matrix':

    expand, pack, unpack

--- Packages loaded 
* Sourcing `./CRIC_prj/prj_Info.inc. `prj_Info` list with `original_nms`, `complete_nms`, `add_vars_name`, `tvars_mtx_name`, `prj_learners` components created. 
* Objects: Info_df_complete, var_labels, df_complete loaded from: ./data/02-cric_complete112023.Rdata 
* == Info$d_col variables: `id = PID` 
* Sourcing ./CRIC_prj/cric_tvars_mtx.inc. `cric_tvars_mtx` with 19 rows created 
Error in if (is.na(Info$subset)) "Not applicable" else Info$subset : 
  argument is of length zero
Calls: tribble -> extract_frame_data_from_dots -> list2
Execution halted
--- Running iteration 02 started on Fri 12/13/2024 16:13:59.42 
running
  'C:\Program Files\R\R-4.4.1\bin\x64\Rterm.exe --no-echo --no-restore --no-save --no-restore --file=C:\Users\agalecki\Documents\GitHub\surv-mlr\30-cric-cv.coxnet.R --args CRIC_prj:lin1:30-cric-cv.coxnet 02'

* ====== Script executed in batch mode for tvar=02 
* Time stamp: 2024-12-13 16:13:59.683628 
[1] "2024-12-13 16:13:59 EST"
* == Project name: CRIC_prj 
* == Analysis name: lin1 
* ===== INPUT INFO 
Loaded glmnet 4.1-8

Attaching package: 'dplyr'

The following objects are masked from 'package:stats':

    filter, lag

The following objects are masked from 'package:base':

    intersect, setdiff, setequal, union


Attaching package: 'data.table'

The following objects are masked from 'package:dplyr':

    between, first, last

Version: 0.2.1. Built on: 2023-01-06

Attaching package: 'tidyr'

The following objects are masked from 'package:Matrix':

    expand, pack, unpack

--- Packages loaded 
* Sourcing `./CRIC_prj/prj_Info.inc. `prj_Info` list with `original_nms`, `complete_nms`, `add_vars_name`, `tvars_mtx_name`, `prj_learners` components created. 
* Objects: Info_df_complete, var_labels, df_complete loaded from: ./data/02-cric_complete112023.Rdata 
* == Info$d_col variables: `id = PID` 
* Sourcing ./CRIC_prj/cric_tvars_mtx.inc. `cric_tvars_mtx` with 19 rows created 
Error in if (is.na(Info$subset)) "Not applicable" else Info$subset : 
  argument is of length zero
Calls: tribble -> extract_frame_data_from_dots -> list2
Execution halted
--- Running iteration 03 started on Fri 12/13/2024 16:14:02.30 
running
  'C:\Program Files\R\R-4.4.1\bin\x64\Rterm.exe --no-echo --no-restore --no-save --no-restore --file=C:\Users\agalecki\Documents\GitHub\surv-mlr\30-cric-cv.coxnet.R --args CRIC_prj:lin1:30-cric-cv.coxnet 03'

* ====== Script executed in batch mode for tvar=03 
* Time stamp: 2024-12-13 16:14:02.560623 
[1] "2024-12-13 16:14:02 EST"
* == Project name: CRIC_prj 
* == Analysis name: lin1 
* ===== INPUT INFO 
Loaded glmnet 4.1-8

Attaching package: 'dplyr'

The following objects are masked from 'package:stats':

    filter, lag

The following objects are masked from 'package:base':

    intersect, setdiff, setequal, union


Attaching package: 'data.table'

The following objects are masked from 'package:dplyr':

    between, first, last

Version: 0.2.1. Built on: 2023-01-06

Attaching package: 'tidyr'

The following objects are masked from 'package:Matrix':

    expand, pack, unpack

--- Packages loaded 
* Sourcing `./CRIC_prj/prj_Info.inc. `prj_Info` list with `original_nms`, `complete_nms`, `add_vars_name`, `tvars_mtx_name`, `prj_learners` components created. 
* Objects: Info_df_complete, var_labels, df_complete loaded from: ./data/02-cric_complete112023.Rdata 
* == Info$d_col variables: `id = PID` 
* Sourcing ./CRIC_prj/cric_tvars_mtx.inc. `cric_tvars_mtx` with 19 rows created 
Error in if (is.na(Info$subset)) "Not applicable" else Info$subset : 
  argument is of length zero
Calls: tribble -> extract_frame_data_from_dots -> list2
Execution halted
--- Running iteration 10 started on Fri 12/13/2024 16:14:05.16 
running
  'C:\Program Files\R\R-4.4.1\bin\x64\Rterm.exe --no-echo --no-restore --no-save --no-restore --file=C:\Users\agalecki\Documents\GitHub\surv-mlr\30-cric-cv.coxnet.R --args CRIC_prj:lin1:30-cric-cv.coxnet 10'

* ====== Script executed in batch mode for tvar=10 
* Time stamp: 2024-12-13 16:14:05.405768 
[1] "2024-12-13 16:14:05 EST"
* == Project name: CRIC_prj 
* == Analysis name: lin1 
* ===== INPUT INFO 
Loaded glmnet 4.1-8

Attaching package: 'dplyr'

The following objects are masked from 'package:stats':

    filter, lag

The following objects are masked from 'package:base':

    intersect, setdiff, setequal, union


Attaching package: 'data.table'

The following objects are masked from 'package:dplyr':

    between, first, last

Version: 0.2.1. Built on: 2023-01-06

Attaching package: 'tidyr'

The following objects are masked from 'package:Matrix':

    expand, pack, unpack

--- Packages loaded 
* Sourcing `./CRIC_prj/prj_Info.inc. `prj_Info` list with `original_nms`, `complete_nms`, `add_vars_name`, `tvars_mtx_name`, `prj_learners` components created. 
* Objects: Info_df_complete, var_labels, df_complete loaded from: ./data/02-cric_complete112023.Rdata 
* == Info$d_col variables: `id = PID` 
* Sourcing ./CRIC_prj/cric_tvars_mtx.inc. `cric_tvars_mtx` with 19 rows created 
Error in if (is.na(Info$subset)) "Not applicable" else Info$subset : 
  argument is of length zero
Calls: tribble -> extract_frame_data_from_dots -> list2
Execution halted
--- Running iteration 31 started on Fri 12/13/2024 16:14:07.98 
running
  'C:\Program Files\R\R-4.4.1\bin\x64\Rterm.exe --no-echo --no-restore --no-save --no-restore --file=C:\Users\agalecki\Documents\GitHub\surv-mlr\30-cric-cv.coxnet.R --args CRIC_prj:lin1:30-cric-cv.coxnet 31'

* ====== Script executed in batch mode for tvar=31 
* Time stamp: 2024-12-13 16:14:08.230882 
[1] "2024-12-13 16:14:08 EST"
* == Project name: CRIC_prj 
* == Analysis name: lin1 
* ===== INPUT INFO 
Loaded glmnet 4.1-8

Attaching package: 'dplyr'

The following objects are masked from 'package:stats':

    filter, lag

The following objects are masked from 'package:base':

    intersect, setdiff, setequal, union


Attaching package: 'data.table'

The following objects are masked from 'package:dplyr':

    between, first, last

Version: 0.2.1. Built on: 2023-01-06

Attaching package: 'tidyr'

The following objects are masked from 'package:Matrix':

    expand, pack, unpack

--- Packages loaded 
* Sourcing `./CRIC_prj/prj_Info.inc. `prj_Info` list with `original_nms`, `complete_nms`, `add_vars_name`, `tvars_mtx_name`, `prj_learners` components created. 
* Objects: Info_df_complete, var_labels, df_complete loaded from: ./data/02-cric_complete112023.Rdata 
* == Info$d_col variables: `id = PID` 
* Sourcing ./CRIC_prj/cric_tvars_mtx.inc. `cric_tvars_mtx` with 19 rows created 
Error in if (is.na(Info$subset)) "Not applicable" else Info$subset : 
  argument is of length zero
Calls: tribble -> extract_frame_data_from_dots -> list2
Execution halted
--- Running iteration 32 started on Fri 12/13/2024 16:14:10.89 
running
  'C:\Program Files\R\R-4.4.1\bin\x64\Rterm.exe --no-echo --no-restore --no-save --no-restore --file=C:\Users\agalecki\Documents\GitHub\surv-mlr\30-cric-cv.coxnet.R --args CRIC_prj:lin1:30-cric-cv.coxnet 32'

* ====== Script executed in batch mode for tvar=32 
* Time stamp: 2024-12-13 16:14:11.141174 
[1] "2024-12-13 16:14:11 EST"
* == Project name: CRIC_prj 
* == Analysis name: lin1 
* ===== INPUT INFO 
Loaded glmnet 4.1-8

Attaching package: 'dplyr'

The following objects are masked from 'package:stats':

    filter, lag

The following objects are masked from 'package:base':

    intersect, setdiff, setequal, union


Attaching package: 'data.table'

The following objects are masked from 'package:dplyr':

    between, first, last

Version: 0.2.1. Built on: 2023-01-06

Attaching package: 'tidyr'

The following objects are masked from 'package:Matrix':

    expand, pack, unpack

--- Packages loaded 
* Sourcing `./CRIC_prj/prj_Info.inc. `prj_Info` list with `original_nms`, `complete_nms`, `add_vars_name`, `tvars_mtx_name`, `prj_learners` components created. 
* Objects: Info_df_complete, var_labels, df_complete loaded from: ./data/02-cric_complete112023.Rdata 
* == Info$d_col variables: `id = PID` 
* Sourcing ./CRIC_prj/cric_tvars_mtx.inc. `cric_tvars_mtx` with 19 rows created 
Error in if (is.na(Info$subset)) "Not applicable" else Info$subset : 
  argument is of length zero
Calls: tribble -> extract_frame_data_from_dots -> list2
Execution halted
