===== 30-cric-cv.coxnet.R execution started on Mon 11/11/2024 at 17:04:29.40 
--- Running iteration 01 started on Mon 11/11/2024 17:04:29.42 
=== Script for `t_varsid=` 01 Execution_time 59.39694 ,  secs 
--- Running iteration 02 started on Mon 11/11/2024 17:05:29.40 
=== Script for `t_varsid=` 02 Execution_time 1.183753 ,  mins 
--- Running iteration 03 started on Mon 11/11/2024 17:06:40.97 
=== Script for `t_varsid=` 03 Execution_time 1.267514 ,  mins 
--- Running iteration 31 started on Mon 11/11/2024 17:07:57.62 
=== Script for `t_varsid=` 31 Execution_time 7.459654 ,  secs 
--- Running iteration 32 started on Mon 11/11/2024 17:08:05.61 
=== Script for `t_varsid=` 32 Execution_time 6.35753 ,  secs 
===== 30-cric-cv.coxnet.R execution ended on Mon 11/11/2024 at 17:08:12.52 
===== 30-cric-cv.coxnet.R execution started on Mon 11/11/2024 at 22:08:29.33 
--- Running iteration 01 started on Mon 11/11/2024 22:08:29.33 
=== Script for `t_varsid=` 01 Execution_time 24.56977 ,  secs 
--- Running iteration 02 started on Mon 11/11/2024 22:08:54.54 
=== Script for `t_varsid=` 02 Execution_time 26.6979 ,  secs 
--- Running iteration 32 started on Mon 11/11/2024 22:09:21.77 
=== Script for `t_varsid=` 32 Execution_time 4.672752 ,  secs 
===== 30-cric-cv.coxnet.R execution ended on Mon 11/11/2024 at 22:09:26.91 
===== 30-cric-cv.coxnet.R execution started on Tue 11/12/2024 at 16:01:26.16 
--- Running iteration 01 started on Tue 11/12/2024 16:01:26.18 
--- Running iteration 02 started on Tue 11/12/2024 16:01:29.24 
--- Running iteration 32 started on Tue 11/12/2024 16:01:32.13 
===== 30-cric-cv.coxnet.R execution ended on Tue 11/12/2024 at 16:01:35.00 
===== 30-cric-cv.coxnet.R execution started on Tue 11/12/2024 at 16:07:09.28 
--- Running iteration 01 started on Tue 11/12/2024 16:07:09.30 
--- Running iteration 02 started on Tue 11/12/2024 16:07:12.29 
--- Running iteration 32 started on Tue 11/12/2024 16:07:15.27 
===== 30-cric-cv.coxnet.R execution ended on Tue 11/12/2024 at 16:07:18.14 
===== 30-cric-cv.coxnet.R execution started on Tue 11/12/2024 at 16:34:56.15 
--- Running iteration 01 started on Tue 11/12/2024 16:34:56.17 
=== Script for `t_varsid=` 01 Execution_time 24.03209 ,  secs 
--- Running iteration 02 started on Tue 11/12/2024 16:35:20.77 
=== Script for `t_varsid=` 02 Execution_time 26.12537 ,  secs 
--- Running iteration 32 started on Tue 11/12/2024 16:35:47.41 
=== Script for `t_varsid=` 32 Execution_time 4.968972 ,  secs 
===== 30-cric-cv.coxnet.R execution ended on Tue 11/12/2024 at 16:35:53.14 
===== 30-cric-cv.coxnet.R execution started on Tue 11/12/2024 at 17:22:30.28 
--- Running iteration 01 started on Tue 11/12/2024 17:22:30.30 
--- Running iteration 02 started on Tue 11/12/2024 17:22:33.45 
--- Running iteration 32 started on Tue 11/12/2024 17:22:36.55 
===== 30-cric-cv.coxnet.R execution ended on Tue 11/12/2024 at 17:22:39.71 
===== 30-cric-cv.coxnet.R execution started on Tue 11/12/2024 at 17:30:17.23 
--- Running iteration 01 started on Tue 11/12/2024 17:30:17.24 
=== Script for `t_varsid=` 01 Execution_time 25.04644 ,  secs 
--- Running iteration 02 started on Tue 11/12/2024 17:30:42.88 
=== Script for `t_varsid=` 02 Execution_time 32.92825 ,  secs 
--- Running iteration 32 started on Tue 11/12/2024 17:31:16.35 
=== Script for `t_varsid=` 32 Execution_time 4.95837 ,  secs 
===== 30-cric-cv.coxnet.R execution ended on Tue 11/12/2024 at 17:31:21.80 
===== 30-cric-cv.coxnet.R execution started on Tue 11/12/2024 at 17:41:44.22 
--- Running iteration 01 started on Tue 11/12/2024 17:41:44.24 
=== Script for `t_varsid=` 01 Execution_time 1.001618 ,  mins 
--- Running iteration 02 started on Tue 11/12/2024 17:42:44.97 
=== Script for `t_varsid=` 02 Execution_time 1.130479 ,  mins 
--- Running iteration 03 started on Tue 11/12/2024 17:43:53.38 
=== Script for `t_varsid=` 03 Execution_time 1.363839 ,  mins 
--- Running iteration 32 started on Tue 11/12/2024 17:45:15.78 
=== Script for `t_varsid=` 32 Execution_time 7.344895 ,  secs 
===== 30-cric-cv.coxnet.R execution ended on Tue 11/12/2024 at 17:45:23.68 
===== 30-cric-cv.coxnet.R execution started on Fri 11/15/2024 at 14:28:15.10 
--- Running iteration 01 started on Fri 11/15/2024 14:28:15.12 
=== Script for `t_varsid=` 01 Execution_time 24.09893 ,  secs 
--- Running iteration 02 started on Fri 11/15/2024 14:28:39.96 
=== Script for `t_varsid=` 02 Execution_time 26.92845 ,  secs 
--- Running iteration 03 started on Fri 11/15/2024 14:29:07.44 
=== Script for `t_varsid=` 03 Execution_time 26.48917 ,  secs 
--- Running iteration 10 started on Fri 11/15/2024 14:29:34.49 
=== Script for `t_varsid=` 10 Execution_time 29.18118 ,  secs 
--- Running iteration 31 started on Fri 11/15/2024 14:30:04.21 
=== Script for `t_varsid=` 31 Execution_time 4.671044 ,  secs 
--- Running iteration 32 started on Fri 11/15/2024 14:30:09.39 
=== Script for `t_varsid=` 32 Execution_time 4.856259 ,  secs 
===== 30-cric-cv.coxnet.R execution ended on Fri 11/15/2024 at 14:30:14.76 
===== 30-cric-cv.coxnet.R execution started on Tue 11/19/2024 at 12:53:36.07 
--- Running iteration 01 started on Tue 11/19/2024 12:53:36.08 
=== Script for `t_varsid=` 01 Execution_time 24.54006 ,  secs 
--- Running iteration 02 started on Tue 11/19/2024 12:54:01.55 
=== Script for `t_varsid=` 02 Execution_time 28.14943 ,  secs 
--- Running iteration 03 started on Tue 11/19/2024 12:54:30.24 
=== Script for `t_varsid=` 03 Execution_time 28.93421 ,  secs 
--- Running iteration 10 started on Tue 11/19/2024 12:54:59.73 
=== Script for `t_varsid=` 10 Execution_time 30.29759 ,  secs 
--- Running iteration 31 started on Tue 11/19/2024 12:55:30.57 
=== Script for `t_varsid=` 31 Execution_time 4.586268 ,  secs 
--- Running iteration 32 started on Tue 11/19/2024 12:55:35.69 
=== Script for `t_varsid=` 32 Execution_time 4.567824 ,  secs 
===== 30-cric-cv.coxnet.R execution ended on Tue 11/19/2024 at 12:55:40.76 
===== 30-cric-cv.coxnet.R execution started on Tue 11/19/2024 at 12:58:11.95 
--- Running iteration 01 started on Tue 11/19/2024 12:58:11.96 
--- Running iteration 02 started on Tue 11/19/2024 12:58:15.01 
--- Running iteration 03 started on Tue 11/19/2024 12:58:17.99 
--- Running iteration 10 started on Tue 11/19/2024 12:58:20.99 
--- Running iteration 31 started on Tue 11/19/2024 12:58:23.94 
--- Running iteration 32 started on Tue 11/19/2024 12:58:26.88 
===== 30-cric-cv.coxnet.R execution ended on Tue 11/19/2024 at 12:58:29.89 
===== 30-cric-cv.coxnet.R execution started on Tue 11/19/2024 at 13:04:15.64 
--- Running iteration 01 started on Tue 11/19/2024 13:04:15.65 
--- Running iteration 02 started on Tue 11/19/2024 13:04:18.74 
--- Running iteration 03 started on Tue 11/19/2024 13:04:21.90 
--- Running iteration 10 started on Tue 11/19/2024 13:04:24.97 
--- Running iteration 31 started on Tue 11/19/2024 13:04:28.03 
--- Running iteration 32 started on Tue 11/19/2024 13:04:31.09 
===== 30-cric-cv.coxnet.R execution ended on Tue 11/19/2024 at 13:04:34.27 
===== 30-cric-cv.coxnet.R execution started on Tue 11/19/2024 at 13:06:36.51 
--- Running iteration 01 started on Tue 11/19/2024 13:06:36.54 
=== Script for `t_varsid=` 01 Execution_time 49.59266 ,  secs 
--- Running iteration 02 started on Tue 11/19/2024 13:07:26.70 
=== Script for `t_varsid=` 02 Execution_time 1.014939 ,  mins 
--- Running iteration 03 started on Tue 11/19/2024 13:08:28.13 
=== Script for `t_varsid=` 03 Execution_time 1.02731 ,  mins 
--- Running iteration 10 started on Tue 11/19/2024 13:09:30.33 
=== Script for `t_varsid=` 10 Execution_time 52.53877 ,  secs 
--- Running iteration 31 started on Tue 11/19/2024 13:10:23.42 
=== Script for `t_varsid=` 31 Execution_time 6.600523 ,  secs 
--- Running iteration 32 started on Tue 11/19/2024 13:10:30.54 
=== Script for `t_varsid=` 32 Execution_time 6.985439 ,  secs 
===== 30-cric-cv.coxnet.R execution ended on Tue 11/19/2024 at 13:10:38.05 
